# JRE version: Java(TM) SE Runtime Environment (8.0_231-b11) (build 1.8.0_231-b11)
# Java VM: Java HotSpot(TM) 64-Bit Server VM (25.231-b11 mixed mode windows-amd64 compressed oops)
Heap:
 PSYoungGen      total 391680K, used 114778K [0x00000000e0000000, 0x00000000ff400000, 0x0000000100000000)
  eden space 282112K, 4% used [0x00000000e0000000,0x00000000e0bf5390,0x00000000f1380000)
  from space 109568K, 93% used [0x00000000f8900000,0x00000000fed21618,0x00000000ff400000)
  to   space 117760K, 0% used [0x00000000f1380000,0x00000000f1380000,0x00000000f8680000)
 ParOldGen       total 660480K, used 451810K [0x00000000a0000000, 0x00000000c8500000, 0x00000000e0000000)
  object space 660480K, 68% used [0x00000000a0000000,0x00000000bb938a90,0x00000000c8500000)
 Metaspace       used 199050K, capacity 208002K, committed 208600K, reserved 1232896K
  class space    used 23808K, capacity 25453K, committed 25560K, reserved 1048576K
GC Heap History (10 events):
Event: 25382.779 GC heap before
{Heap before GC invocations=299 (full 23):
 PSYoungGen      total 392704K, used 328129K [0x00000000e0000000, 0x0000000100000000, 0x0000000100000000)
  eden space 265728K, 100% used [0x00000000e0000000,0x00000000f0380000,0x00000000f0380000)
  from space 126976K, 49% used [0x00000000f0380000,0x00000000f40704c0,0x00000000f7f80000)
  to   space 126464K, 0% used [0x00000000f8480000,0x00000000f8480000,0x0000000100000000)
 ParOldGen       total 660480K, used 344616K [0x00000000a0000000, 0x00000000c8500000, 0x00000000e0000000)
  object space 660480K, 52% used [0x00000000a0000000,0x00000000b508a048,0x00000000c8500000)
 Metaspace       used 193036K, capacity 201900K, committed 202968K, reserved 1226752K
  class space    used 23142K, capacity 24752K, committed 25560K, reserved 1048576K
Event: 25382.874 GC heap after
Heap after GC invocations=299 (full 23):
 PSYoungGen      total 387584K, used 20376K [0x00000000e0000000, 0x00000000ff680000, 0x0000000100000000)
  eden space 270848K, 0% used [0x00000000e0000000,0x00000000e0000000,0x00000000f0880000)
  from space 116736K, 17% used [0x00000000f8480000,0x00000000f9866318,0x00000000ff680000)
  to   space 121856K, 0% used [0x00000000f0880000,0x00000000f0880000,0x00000000f7f80000)
 ParOldGen       total 660480K, used 398696K [0x00000000a0000000, 0x00000000c8500000, 0x00000000e0000000)
  object space 660480K, 60% used [0x00000000a0000000,0x00000000b855a1d0,0x00000000c8500000)
 Metaspace       used 193036K, capacity 201900K, committed 202968K, reserved 1226752K
  class space    used 23142K, capacity 24752K, committed 25560K, reserved 1048576K
}
Event: 25504.159 GC heap before
{Heap before GC invocations=300 (full 23):
 PSYoungGen      total 387584K, used 291224K [0x00000000e0000000, 0x00000000ff680000, 0x0000000100000000)
  eden space 270848K, 100% used [0x00000000e0000000,0x00000000f0880000,0x00000000f0880000)
  from space 116736K, 17% used [0x00000000f8480000,0x00000000f9866318,0x00000000ff680000)
  to   space 121856K, 0% used [0x00000000f0880000,0x00000000f0880000,0x00000000f7f80000)
 ParOldGen       total 660480K, used 398696K [0x00000000a0000000, 0x00000000c8500000, 0x00000000e0000000)
  object space 660480K, 60% used [0x00000000a0000000,0x00000000b855a1d0,0x00000000c8500000)
 Metaspace       used 193044K, capacity 201900K, committed 202968K, reserved 1226752K
  class space    used 23142K, capacity 24752K, committed 25560K, reserved 1048576K
Event: 25504.188 GC heap after
Heap after GC invocations=300 (full 23):
 PSYoungGen      total 392704K, used 4352K [0x00000000e0000000, 0x0000000100000000, 0x0000000100000000)
  eden space 270848K, 0% used [0x00000000e0000000,0x00000000e0000000,0x00000000f0880000)
  from space 121856K, 3% used [0x00000000f0880000,0x00000000f0cc0050,0x00000000f7f80000)
  to   space 120320K, 0% used [0x00000000f8a80000,0x00000000f8a80000,0x0000000100000000)
 ParOldGen       total 660480K, used 415053K [0x00000000a0000000, 0x00000000c8500000, 0x00000000e0000000)
  object space 660480K, 62% used [0x00000000a0000000,0x00000000b9553518,0x00000000c8500000)
 Metaspace       used 193044K, capacity 201900K, committed 202968K, reserved 1226752K
  class space    used 23142K, capacity 24752K, committed 25560K, reserved 1048576K
}
Event: 26031.757 GC heap before
{Heap before GC invocations=301 (full 23):
 PSYoungGen      total 392704K, used 275200K [0x00000000e0000000, 0x0000000100000000, 0x0000000100000000)
  eden space 270848K, 100% used [0x00000000e0000000,0x00000000f0880000,0x00000000f0880000)
  from space 121856K, 3% used [0x00000000f0880000,0x00000000f0cc0050,0x00000000f7f80000)
  to   space 120320K, 0% used [0x00000000f8a80000,0x00000000f8a80000,0x0000000100000000)
 ParOldGen       total 660480K, used 415053K [0x00000000a0000000, 0x00000000c8500000, 0x00000000e0000000)
  object space 660480K, 62% used [0x00000000a0000000,0x00000000b9553518,0x00000000c8500000)
 Metaspace       used 193062K, capacity 201900K, committed 202968K, reserved 1226752K
  class space    used 23143K, capacity 24752K, committed 25560K, reserved 1048576K
Event: 26031.819 GC heap after
Heap after GC invocations=301 (full 23):
 PSYoungGen      total 395776K, used 4128K [0x00000000e0000000, 0x00000000ff980000, 0x0000000100000000)
  eden space 282112K, 0% used [0x00000000e0000000,0x00000000e0000000,0x00000000f1380000)
  from space 113664K, 3% used [0x00000000f8a80000,0x00000000f8e88000,0x00000000ff980000)
  to   space 117760K, 0% used [0x00000000f1380000,0x00000000f1380000,0x00000000f8680000)
 ParOldGen       total 660480K, used 416611K [0x00000000a0000000, 0x00000000c8500000, 0x00000000e0000000)
  object space 660480K, 63% used [0x00000000a0000000,0x00000000b96d8ec8,0x00000000c8500000)
 Metaspace       used 193062K, capacity 201900K, committed 202968K, reserved 1226752K
  class space    used 23143K, capacity 24752K, committed 25560K, reserved 1048576K
}
Event: 26037.748 GC heap before
{Heap before GC invocations=302 (full 23):
 PSYoungGen      total 395776K, used 286240K [0x00000000e0000000, 0x00000000ff980000, 0x0000000100000000)
  eden space 282112K, 100% used [0x00000000e0000000,0x00000000f1380000,0x00000000f1380000)
  from space 113664K, 3% used [0x00000000f8a80000,0x00000000f8e88000,0x00000000ff980000)
  to   space 117760K, 0% used [0x00000000f1380000,0x00000000f1380000,0x00000000f8680000)
 ParOldGen       total 660480K, used 416611K [0x00000000a0000000, 0x00000000c8500000, 0x00000000e0000000)
  object space 660480K, 63% used [0x00000000a0000000,0x00000000b96d8ec8,0x00000000c8500000)
 Metaspace       used 193220K, capacity 202136K, committed 203224K, reserved 1226752K
  class space    used 23159K, capacity 24792K, committed 25560K, reserved 1048576K
Event: 26038.079 GC heap after
Heap after GC invocations=302 (full 23):
 PSYoungGen      total 399872K, used 33024K [0x00000000e0000000, 0x00000000ff400000, 0x0000000100000000)
  eden space 282112K, 0% used [0x00000000e0000000,0x00000000e0000000,0x00000000f1380000)
  from space 117760K, 28% used [0x00000000f1380000,0x00000000f33c0150,0x00000000f8680000)
  to   space 109568K, 0% used [0x00000000f8900000,0x00000000f8900000,0x00000000ff400000)
 ParOldGen       total 660480K, used 419904K [0x00000000a0000000, 0x00000000c8500000, 0x00000000e0000000)
  object space 660480K, 63% used [0x00000000a0000000,0x00000000b9a10118,0x00000000c8500000)
 Metaspace       used 193220K, capacity 202136K, committed 203224K, reserved 1226752K
  class space    used 23159K, capacity 24792K, committed 25560K, reserved 1048576K
}
Event: 26046.927 GC heap before
{Heap before GC invocations=303 (full 23):
 PSYoungGen      total 399872K, used 315136K [0x00000000e0000000, 0x00000000ff400000, 0x0000000100000000)
  eden space 282112K, 100% used [0x00000000e0000000,0x00000000f1380000,0x00000000f1380000)
  from space 117760K, 28% used [0x00000000f1380000,0x00000000f33c0150,0x00000000f8680000)
  to   space 109568K, 0% used [0x00000000f8900000,0x00000000f8900000,0x00000000ff400000)
 ParOldGen       total 660480K, used 419904K [0x00000000a0000000, 0x00000000c8500000, 0x00000000e0000000)
  object space 660480K, 63% used [0x00000000a0000000,0x00000000b9a10118,0x00000000c8500000)
 Metaspace       used 199050K, capacity 208002K, committed 208600K, reserved 1232896K
  class space    used 23808K, capacity 25453K, committed 25560K, reserved 1048576K
Event: 26047.595 GC heap after
Heap after GC invocations=303 (full 23):
 PSYoungGen      total 391680K, used 102533K [0x00000000e0000000, 0x00000000ff400000, 0x0000000100000000)
  eden space 282112K, 0% used [0x00000000e0000000,0x00000000e0000000,0x00000000f1380000)
  from space 109568K, 93% used [0x00000000f8900000,0x00000000fed21618,0x00000000ff400000)
  to   space 117760K, 0% used [0x00000000f1380000,0x00000000f1380000,0x00000000f8680000)
 ParOldGen       total 660480K, used 451810K [0x00000000a0000000, 0x00000000c8500000, 0x00000000e0000000)
  object space 660480K, 68% used [0x00000000a0000000,0x00000000bb938a90,0x00000000c8500000)
 Metaspace       used 199050K, capacity 208002K, committed 208600K, reserved 1232896K
  class space    used 23808K, capacity 25453K, committed 25560K, reserved 1048576K
}

